[32m  INFO[0m: Launching config: "/home/matt/.config/quickshell/shell.qml"
[32m  INFO[0m: Shell ID: "0a0891c93b66ea478911a5fa18d6b684" Path ID "0a0891c93b66ea478911a5fa18d6b684"
[32m  INFO[97m quickshell.crashhandler[0m: Crash handler initialized.
[32m  INFO[0m: Saving logs to "/run/user/1000/quickshell/by-id/sn5cfqpxs/log.log"
[32m  INFO[97m quickshell.logging[0m: Saving detailed logs to "/run/user/1000/quickshell/by-id/sn5cfqpxs/log.log"
[32m  INFO[97m quickshell.ipc[0m: Started IPC server on path "/run/user/1000/quickshell/by-id/sn5cfqpxs/ipc.sock"
[32m  INFO[97m quickshell.hyprland.ipc[0m: Hyprland event socket connected.
[33m  WARN[97m scene[0m: **/services/Notifications.qml[238:-1]: ReferenceError: XdgDirectories is not defined
[33m  WARN[97m scene[0m: QML Connections at **/modules/sidebarRight/CenterWidgetGroup.qml[57:5]: Detected function "onSidebarRightCloseRequested" in Connections element. This is probably intended to be a signal handler but no signal of the target matches the name.
[33m  WARN[97m scene[0m: QML Connections at **/modules/sidebarRight/CenterWidgetGroup.qml[23:5]: Detected function "onSidebarRightCloseRequested" in Connections element. This is probably intended to be a signal handler but no signal of the target matches the name.
[33m  WARN[97m scene[0m: QML QQuickImage at **/modules/common/widgets/SystemIcon.qml[204:5]: Cannot open: file:///usr/share/icons/Tela-circle/scalable/apps/linux-symbolic.svg
[32m  INFO[97m quickshell.service.pipewire.loop[0m: Creating pipewire event loop.
[32m  INFO[97m quickshell.service.pipewire.loop[0m: Connecting to pipewire server.
[32m  INFO[97m quickshell.service.pipewire.loop[0m: Linking pipewire event loop.
[33m  WARN[97m qml[0m: [WINDOW PREVIEW] Could not detect screen width, using fallback
[33m  WARN[97m scene[0m: QML Connections at **/modules/dock/WindowPreview.qml[74:5]: Detected function "onTargetWindowsChanged" in Connections element. This is probably intended to be a signal handler but no signal of the target matches the name.
[33m  WARN[97m scene[0m: QML Connections at **/modules/dock/Dock.qml[148:5]: Detected function "onIconThemeChanged" in Connections element. This is probably intended to be a signal handler but no signal of the target matches the name.
[33m  WARN[97m scene[0m: **/modules/dock/Dock.qml[149:9]: Unable to assign undefined to QObject*
[33m  WARN[97m scene[0m: **/modules/dock/WindowPreview.qml[69:-1]: ReferenceError: root is not defined
[33m  WARN[97m scene[0m: **/modules/dock/WindowPreview.qml[75:-1]: ReferenceError: repeaterModel is not defined
[33m  WARN[97m scene[0m: **/modules/dock/WindowPreview.qml[135:13]: Unable to assign [undefined] to double
[33m  WARN[97m scene[0m: **/modules/dock/WindowPreview.qml[361:17]: Unable to assign [undefined] to int
[33m  WARN[97m scene[0m: **/modules/dock/Dock.qml[928:-1]: ReferenceError: dockRoot is not defined
[33m  WARN[97m scene[0m: **/services/Notifications.qml[252:9]: Unable to assign [undefined] to QString
[33m  WARN[97m scene[0m: **/services/Notifications.qml[69:-1]: ReferenceError: XdgDirectories is not defined
[33m  WARN[97m scene[0m: **/modules/sidebarRight/BottomWidgetGroup.qml[17:5]: Unable to assign [undefined] to int
[33m  WARN[97m qml[0m: [WINDOW PREVIEW] Could not detect screen width, using fallback
[32m  INFO[97m quickshell.service.notifications[0m: Starting notification server
[33m  WARN[97m quickshell.service.notifications[0m: Could not register notification server at org.freedesktop.Notifications, presumably because one is already registered.
[33m  WARN[97m quickshell.service.notifications[0m: Registration will be attempted again if the active service is unregistered.
[32m  INFO[0m: Configuration Loaded
[34m DEBUG[97m qml[0m: [To Do] File loaded
[34m DEBUG[97m qml[0m: [Dock] Config loaded
[33m  WARN[97m scene[0m: **/modules/backgroundWidgets/BackgroundWidgets.qml[27:-1]: SyntaxError: JSON.parse: Parse error
[33m  WARN[97m quickshell.hyprland.ipc[0m: Dispatch request "setvar decoration:blur:enabled 1" failed with error "Invalid dispatcher"
[33m  WARN[97m quickshell.hyprland.ipc[0m: Dispatch request "setvar decoration:blur:size 20" failed with error "Invalid dispatcher"
[33m  WARN[97m quickshell.hyprland.ipc[0m: Dispatch request "setvar decoration:blur:passes 2" failed with error "Invalid dispatcher"
[33m  WARN[97m quickshell.hyprland.ipc[0m: Dispatch request "layerrule blur,^(quickshell:dock:blur)$" failed with error "Invalid dispatcher"
[33m  WARN[97m quickshell.hyprland.ipc[0m: Dispatch request "layerrule xray off,^(quickshell:dock:blur)$" failed with error "Invalid dispatcher"
[33m  WARN[97m quickshell.hyprland.ipc[0m: Dispatch request "keyword decoration:blur:passes 2" failed with error "Invalid dispatcher"
[33m  WARN[97m quickshell.hyprland.ipc[0m: Dispatch request "keyword decoration:blur:size 20" failed with error "Invalid dispatcher"
[33m  WARN[97m quickshell.hyprland.ipc[0m: Dispatch request "setvar decoration:blur:enabled 1" failed with error "Invalid dispatcher"
[33m  WARN[97m quickshell.hyprland.ipc[0m: Dispatch request "layerrule blur,^(quickshell:bar:blur)$" failed with error "Invalid dispatcher"
[33m  WARN[97m quickshell.hyprland.ipc[0m: Dispatch request "layerrule xray off,^(quickshell:bar:blur)$" failed with error "Invalid dispatcher"
[33m  WARN[97m quickshell.hyprland.ipc[0m: Dispatch request "setvar decoration:blur:enabled 1" failed with error "Invalid dispatcher"
[33m  WARN[97m quickshell.hyprland.ipc[0m: Dispatch request "setvar decoration:blur:size 8" failed with error "Invalid dispatcher"
[33m  WARN[97m quickshell.hyprland.ipc[0m: Dispatch request "setvar decoration:blur:passes 4" failed with error "Invalid dispatcher"
[33m  WARN[97m quickshell.hyprland.ipc[0m: Dispatch request "layerrule blur,^(quickshell:weather:blur)$" failed with error "Invalid dispatcher"
[33m  WARN[97m quickshell.hyprland.ipc[0m: Dispatch request "layerrule xray off,^(quickshell:weather:blur)$" failed with error "Invalid dispatcher"
[33m  WARN[97m quickshell.hyprland.ipc[0m: Dispatch request "setvar decoration:blur:enabled 1" failed with error "Invalid dispatcher"
[33m  WARN[97m quickshell.hyprland.ipc[0m: Dispatch request "layerrule blur,^(quickshell:bar:blur)$" failed with error "Invalid dispatcher"
[33m  WARN[97m quickshell.hyprland.ipc[0m: Dispatch request "layerrule xray off,^(quickshell:bar:blur)$" failed with error "Invalid dispatcher"
[33m  WARN[97m quickshell.hyprland.ipc[0m: Dispatch request "layerrule xray off,^(quickshell:sidebarLeft)$" failed with error "Invalid dispatcher"
[33m  WARN[97m quickshell.hyprland.ipc[0m: Dispatch request "layerrule xray off,^(quickshell:sidebarRight)$" failed with error "Invalid dispatcher"
[32m  INFO[97m quickshell.service.pipewire.defaults[0m: Default configured source name changed to "alsa_input.usb-Insta360_Insta360_Link_2-02.mono-fallback"
[32m  INFO[97m quickshell.service.pipewire.defaults[0m: Default configured source changed to PwNode(0x7ff1aaa01540, id=59/unbound)
[32m  INFO[97m quickshell.service.pipewire.defaults[0m: Default sink name changed to "alsa_output.pci-0000_03_00.1.hdmi-stereo"
[32m  INFO[97m quickshell.service.pipewire.defaults[0m: Default sink changed to PwNode(0x7ff1aaa01ee0, id=56/unbound)
[32m  INFO[97m quickshell.service.pipewire.defaults[0m: Default source name changed to "alsa_input.usb-Insta360_Insta360_Link_2-02.mono-fallback"
[32m  INFO[97m quickshell.service.pipewire.defaults[0m: Default source changed to PwNode(0x7ff1aaa01540, id=59/unbound)
[32m  INFO[97m quickshell.service.pipewire.registry[0m: Initial state sync complete.
[32m  INFO[97m quickshell.service.pipewire.node[0m: Got updated channels of PwNode(0x7ff1aaa01ee0, id=56/bound) - QList(qs::service::pipewire::PwAudioChannel::FrontLeft, qs::service::pipewire::PwAudioChannel::FrontRight)
[32m  INFO[97m quickshell.service.pipewire.node[0m: Got updated volumes of PwNode(0x7ff1aaa01ee0, id=56/bound) - QList(1, 1)
[32m  INFO[97m quickshell.service.pipewire.node[0m: Completed initial sync for PwNode(0x7ff1aaa01ee0, id=56/bound)
[32m  INFO[97m quickshell.service.pipewire.node[0m: Got updated channels of PwNode(0x7ff1aaa01540, id=59/bound) - QList(qs::service::pipewire::PwAudioChannel::Mono)
[32m  INFO[97m quickshell.service.pipewire.node[0m: Got updated volumes of PwNode(0x7ff1aaa01540, id=59/bound) - QList(1)
[32m  INFO[97m quickshell.service.pipewire.node[0m: Completed initial sync for PwNode(0x7ff1aaa01540, id=59/bound)
[33m  WARN[97m scene[0m: QML QQuickImage at **/modules/common/widgets/SystemIcon.qml[204:5]: Cannot open: file:///usr/share/icons/Tela-circle/scalable/apps/cachyos-symbolic.svg
[34m DEBUG[97m qml[0m: GONNA APPLY KONFIG preventNextNotification: false
[34m DEBUG[97m qml[0m: [ConfigLoader] Applying config from file: /home/matt/.config/illogical-impulse/config.json
[34m DEBUG[97m qml[0m: GONNA APPLY KONFIG preventNextNotification: false
[33m  WARN[97m scene[0m: **/modules/backgroundWidgets/BackgroundWidgets.qml[27:-1]: SyntaxError: JSON.parse: Parse error
